<?xml version="1.0" encoding="UTF-8"?>
<testsuite xmlns:xsi="http://www.w3.org/2001/XMLSchema-instance" xsi:noNamespaceSchemaLocation="https://maven.apache.org/surefire/maven-surefire-plugin/xsd/surefire-test-report-3.0.xsd" version="3.0" name="macrobase.runtime.resources.AnalyzeResourceTest" time="0.475" tests="1" errors="0" skipped="0" failures="0">
  <properties>
[...]
</properties>
  <testcase name="testMADAnalyzer" classname="macrobase.runtime.resources.AnalyzeResourceTest" time="0.417">
    <system-out><![CDATA[17:17:50.707 [main] DEBUG org.eclipse.jetty.util.log - Logging to Logger[org.eclipse.jetty.util.log] via org.eclipse.jetty.util.log.Slf4jLog
17:17:50.714 [main] INFO org.eclipse.jetty.util.log - Logging initialized @623ms to org.eclipse.jetty.util.log.Slf4jLog
17:17:50.742 [main] DEBUG macrobase.analysis.pipeline.BasePipeline - Running query MacroBaseQuery
17:17:50.745 [main] DEBUG macrobase.analysis.pipeline.BasePipeline - CONFIG:
macrobase.analysis.metrics.lowTransform: A5
macrobase.analysis.minOIRatio: 0.01
macrobase.analysis.minSupport: 0.01
macrobase.analysis.randomSeed: 0
macrobase.analysis.targetPercentile: 0.99
macrobase.analysis.usePercentile: true
macrobase.loader.attributes: A1,A2,A3,A4
macrobase.loader.csv.file: src/test/resources/data/simple.csv
macrobase.loader.db.baseQuery: also should be unused
macrobase.loader.db.url: should be unused
macrobase.loader.loaderType: CSV_LOADER
macrobase.loader.metrics: A5
17:17:50.786 [main] INFO macrobase.ingest.CSVIngester - 100/100 rows successfully parsed (0 malformed rows)
17:17:50.837 [main] INFO macrobase.conf.MacroBaseConf - By default: using MAD transform for dimension 1 metric.
17:17:50.881 [main] DEBUG macrobase.analysis.classify.BatchingPercentileClassifier - 0.99 Percentile Cutoff: 31.21783923970431
17:17:50.881 [main] DEBUG macrobase.analysis.classify.BatchingPercentileClassifier - Median: 1.0
17:17:50.881 [main] DEBUG macrobase.analysis.classify.BatchingPercentileClassifier - Max: 31.285466887916744
17:17:50.888 [main] DEBUG macrobase.analysis.summary.itemset.FPGrowth - count required: 0
17:17:50.896 [main] DEBUG macrobase.analysis.summary.itemset.FPGrowth - FPTree load: 8
17:17:50.907 [main] DEBUG macrobase.analysis.summary.itemset.FPGrowth - FPTree mine: 11
17:17:50.913 [main] INFO macrobase.analysis.pipeline.BasicBatchedPipeline - took 77ms (1298.7012987012986 tuples/sec)
6/18/23 5:17:50 PM =============================================================

-- Counters --------------------------------------------------------------------
macrobase.analysis.stats.MAD.zeroMADs
             count = 0

-- Timers ----------------------------------------------------------------------
macrobase.analysis.stats.MAD.medianComputation
             count = 1
         mean rate = 14.22 calls/second
     1-minute rate = 0.00 calls/second
     5-minute rate = 0.00 calls/second
    15-minute rate = 0.00 calls/second
               min = 0.50 milliseconds
               max = 0.50 milliseconds
              mean = 0.50 milliseconds
            stddev = 0.00 milliseconds
            median = 0.50 milliseconds
              75% <= 0.50 milliseconds
              95% <= 0.50 milliseconds
              98% <= 0.50 milliseconds
              99% <= 0.50 milliseconds
            99.9% <= 0.50 milliseconds
macrobase.analysis.stats.MAD.residualComputation
             count = 1
         mean rate = 13.66 calls/second
     1-minute rate = 0.00 calls/second
     5-minute rate = 0.00 calls/second
    15-minute rate = 0.00 calls/second
               min = 0.01 milliseconds
               max = 0.01 milliseconds
              mean = 0.01 milliseconds
            stddev = 0.00 milliseconds
            median = 0.01 milliseconds
              75% <= 0.01 milliseconds
              95% <= 0.01 milliseconds
              98% <= 0.01 milliseconds
              99% <= 0.01 milliseconds
            99.9% <= 0.01 milliseconds
macrobase.analysis.stats.MAD.residualMedianComputation
             count = 1
         mean rate = 13.20 calls/second
     1-minute rate = 0.00 calls/second
     5-minute rate = 0.00 calls/second
    15-minute rate = 0.00 calls/second
               min = 0.06 milliseconds
               max = 0.06 milliseconds
              mean = 0.06 milliseconds
            stddev = 0.00 milliseconds
            median = 0.06 milliseconds
              75% <= 0.06 milliseconds
              95% <= 0.06 milliseconds
              98% <= 0.06 milliseconds
              99% <= 0.06 milliseconds
            99.9% <= 0.06 milliseconds
macrobase.analysis.summary.itemset.FPGrowth.fpMine
             count = 1
         mean rate = 19.80 calls/second
     1-minute rate = 0.00 calls/second
     5-minute rate = 0.00 calls/second
    15-minute rate = 0.00 calls/second
               min = 11.09 milliseconds
               max = 11.09 milliseconds
              mean = 11.09 milliseconds
            stddev = 0.00 milliseconds
            median = 11.09 milliseconds
              75% <= 11.09 milliseconds
              95% <= 11.09 milliseconds
              98% <= 11.09 milliseconds
              99% <= 11.09 milliseconds
            99.9% <= 11.09 milliseconds
macrobase.analysis.summary.itemset.FPGrowth.insertTransactions
             count = 1
         mean rate = 19.23 calls/second
     1-minute rate = 0.00 calls/second
     5-minute rate = 0.00 calls/second
    15-minute rate = 0.00 calls/second
               min = 4.32 milliseconds
               max = 4.32 milliseconds
              mean = 4.32 milliseconds
            stddev = 0.00 milliseconds
            median = 4.32 milliseconds
              75% <= 4.32 milliseconds
              95% <= 4.32 milliseconds
              98% <= 4.32 milliseconds
              99% <= 4.32 milliseconds
            99.9% <= 4.32 milliseconds
macrobase.analysis.summary.itemset.FPGrowth.itemCounts
             count = 1
         mean rate = 18.73 calls/second
     1-minute rate = 0.00 calls/second
     5-minute rate = 0.00 calls/second
    15-minute rate = 0.00 calls/second
               min = 3.09 milliseconds
               max = 3.09 milliseconds
              mean = 3.09 milliseconds
            stddev = 0.00 milliseconds
            median = 3.09 milliseconds
              75% <= 3.09 milliseconds
              95% <= 3.09 milliseconds
              98% <= 3.09 milliseconds
              99% <= 3.09 milliseconds
            99.9% <= 3.09 milliseconds
macrobase.analysis.summary.itemset.FPGrowthEmerging.inlierRatio
             count = 1
         mean rate = 17.44 calls/second
     1-minute rate = 0.00 calls/second
     5-minute rate = 0.00 calls/second
    15-minute rate = 0.00 calls/second
               min = 4.34 milliseconds
               max = 4.34 milliseconds
              mean = 4.34 milliseconds
            stddev = 0.00 milliseconds
            median = 4.34 milliseconds
              75% <= 4.34 milliseconds
              95% <= 4.34 milliseconds
              98% <= 4.34 milliseconds
              99% <= 4.34 milliseconds
            99.9% <= 4.34 milliseconds
macrobase.analysis.summary.itemset.FPGrowthEmerging.outlierFPGrowth
             count = 1
         mean rate = 17.02 calls/second
     1-minute rate = 0.00 calls/second
     5-minute rate = 0.00 calls/second
    15-minute rate = 0.00 calls/second
               min = 22.06 milliseconds
               max = 22.06 milliseconds
              mean = 22.06 milliseconds
            stddev = 0.00 milliseconds
            median = 22.06 milliseconds
              75% <= 22.06 milliseconds
              95% <= 22.06 milliseconds
              98% <= 22.06 milliseconds
              99% <= 22.06 milliseconds
            99.9% <= 22.06 milliseconds
macrobase.analysis.summary.itemset.FPGrowthEmerging.singleItemCounts
             count = 1
         mean rate = 16.60 calls/second
     1-minute rate = 0.00 calls/second
     5-minute rate = 0.00 calls/second
    15-minute rate = 0.00 calls/second
               min = 1.59 milliseconds
               max = 1.59 milliseconds
              mean = 1.59 milliseconds
            stddev = 0.00 milliseconds
            median = 1.59 milliseconds
              75% <= 1.59 milliseconds
              95% <= 1.59 milliseconds
              98% <= 1.59 milliseconds
              99% <= 1.59 milliseconds
            99.9% <= 1.59 milliseconds


]]></system-out>
  </testcase>
</testsuite>