<?xml version="1.0" encoding="UTF-8"?>
<testsuite xmlns:xsi="http://www.w3.org/2001/XMLSchema-instance" xsi:noNamespaceSchemaLocation="https://maven.apache.org/surefire/maven-surefire-plugin/xsd/surefire-test-report-3.0.xsd" version="3.0" name="macrobase.pipeline.BasicOneShotEWStreamingPipelineTest" time="0.278" tests="4" errors="0" skipped="0" failures="0">
  <properties>
[...]
</properties>
  <testcase name="testSensor10KPower" classname="macrobase.pipeline.BasicOneShotEWStreamingPipelineTest" time="0.11">
    <system-out><![CDATA[17:17:44.408 [main] DEBUG macrobase.analysis.pipeline.BasePipeline - Running query MacroBaseQuery
17:17:44.409 [main] DEBUG macrobase.analysis.pipeline.BasePipeline - CONFIG:
macrobase.analysis.minOIRatio: 1
macrobase.analysis.minSupport: 0.01
macrobase.analysis.randomSeed: 0
macrobase.analysis.streaming.decayRate: 0.01
macrobase.analysis.streaming.decayType: TUPLE_BASED
macrobase.analysis.streaming.inlierItemSummarySize: 1000
macrobase.analysis.streaming.inputReservoirSize: 1000
macrobase.analysis.streaming.modelUpdatePeriod: 1000
macrobase.analysis.streaming.outlierSummarySize: 1000
macrobase.analysis.streaming.scoreReservoirSize: 1000
macrobase.analysis.streaming.summaryUpdatePeriod: 1000
macrobase.analysis.streaming.warmupCount: 100
macrobase.analysis.targetPercentile: 0.99
macrobase.analysis.usePercentile: true
macrobase.loader.attributes: device_id
macrobase.loader.csv.compression: GZIP
macrobase.loader.csv.file: src/test/resources/data/sensor10k.csv.gz
macrobase.loader.loaderType: CSV_LOADER
macrobase.loader.metrics: power_drain
17:17:44.436 [main] INFO macrobase.ingest.CSVIngester - 10479/10479 rows successfully parsed (0 malformed rows)
17:17:44.494 [main] INFO macrobase.conf.MacroBaseConf - By default: using MAD transform for dimension 1 metric.
17:17:44.520 [main] DEBUG macrobase.analysis.summary.itemset.ExponentiallyDecayingEmergingItemsets - REQUIRED SUPPORT: 0.2702855855771482 0.01
17:17:44.521 [main] INFO macrobase.analysis.pipeline.BasicOneShotEWStreamingPipeline - took 32ms (327468.75 tuples/sec)
]]></system-out>
  </testcase>
  <testcase name="testMCDAnalyzer" classname="macrobase.pipeline.BasicOneShotEWStreamingPipelineTest" time="0.043">
    <system-out><![CDATA[17:17:44.521 [main] DEBUG macrobase.analysis.pipeline.BasePipeline - Running query MacroBaseQuery
17:17:44.522 [main] DEBUG macrobase.analysis.pipeline.BasePipeline - CONFIG:
macrobase.analysis.mcd.alpha: 0.5
macrobase.analysis.mcd.stoppingDelta: 0.001
macrobase.analysis.metrics.lowTransform: A4,A5
macrobase.analysis.minOIRatio: 1
macrobase.analysis.minSupport: 0.05
macrobase.analysis.randomSeed: 0
macrobase.analysis.streaming.decayRate: 0.01
macrobase.analysis.streaming.decayType: TUPLE_BASED
macrobase.analysis.streaming.inlierItemSummarySize: 1000
macrobase.analysis.streaming.inputReservoirSize: 10
macrobase.analysis.streaming.modelUpdatePeriod: 50
macrobase.analysis.streaming.outlierSummarySize: 1000
macrobase.analysis.streaming.scoreReservoirSize: 10
macrobase.analysis.streaming.summaryUpdatePeriod: 50
macrobase.analysis.streaming.warmupCount: 30
macrobase.analysis.targetPercentile: 0.99
macrobase.analysis.usePercentile: true
macrobase.loader.attributes: A1,A2,A3
macrobase.loader.csv.file: src/test/resources/data/simple.csv
macrobase.loader.loaderType: CSV_LOADER
macrobase.loader.metrics: A4,A5
17:17:44.522 [main] INFO macrobase.ingest.CSVIngester - 100/100 rows successfully parsed (0 malformed rows)
17:17:44.559 [main] INFO macrobase.conf.MacroBaseConf - By default: using MCD transform for dimension 2 metrics.
17:17:44.560 [main] DEBUG macrobase.analysis.stats.MinCovDet - Number of iterations in MCD step: 1
17:17:44.560 [main] DEBUG macrobase.analysis.stats.MinCovDet - Number of iterations in MCD step: 1
17:17:44.562 [main] DEBUG macrobase.analysis.summary.itemset.ExponentiallyDecayingEmergingItemsets - REQUIRED SUPPORT: 1.047 0.05
17:17:44.563 [main] INFO macrobase.analysis.pipeline.BasicOneShotEWStreamingPipeline - took 5ms (20000.0 tuples/sec)
17:17:44.564 [main] DEBUG macrobase.pipeline.BasicOneShotEWStreamingPipelineTest - outliers: 7.000000
inliers: 93.000000
load time 36ms
execution time: 4ms
summarization time: 1ms

-----

support: 0.190544
records: 3.990000
ratio: 10.946157

Columns:
	A1: 0

-----


]]></system-out>
  </testcase>
  <testcase name="testSensor10KTemp" classname="macrobase.pipeline.BasicOneShotEWStreamingPipelineTest" time="0.1">
    <system-out><![CDATA[17:17:44.565 [main] DEBUG macrobase.analysis.pipeline.BasePipeline - Running query MacroBaseQuery
17:17:44.565 [main] DEBUG macrobase.analysis.pipeline.BasePipeline - CONFIG:
macrobase.analysis.metrics.lowTransform: temperature
macrobase.analysis.minOIRatio: 1
macrobase.analysis.minSupport: 0.06
macrobase.analysis.randomSeed: 0
macrobase.analysis.streaming.decayRate: 0.01
macrobase.analysis.streaming.decayType: TUPLE_BASED
macrobase.analysis.streaming.inlierItemSummarySize: 1000
macrobase.analysis.streaming.inputReservoirSize: 1000
macrobase.analysis.streaming.modelUpdatePeriod: 1000
macrobase.analysis.streaming.outlierSummarySize: 1000
macrobase.analysis.streaming.scoreReservoirSize: 1000
macrobase.analysis.streaming.summaryUpdatePeriod: 1000
macrobase.analysis.streaming.warmupCount: 100
macrobase.analysis.targetPercentile: 0.99
macrobase.analysis.usePercentile: true
macrobase.loader.attributes: device_id,model,firmware_version
macrobase.loader.csv.compression: GZIP
macrobase.loader.csv.file: src/test/resources/data/sensor10k.csv.gz
macrobase.loader.loaderType: CSV_LOADER
macrobase.loader.metrics: temperature
17:17:44.591 [main] INFO macrobase.ingest.CSVIngester - 10479/10479 rows successfully parsed (0 malformed rows)
17:17:44.628 [main] INFO macrobase.conf.MacroBaseConf - By default: using MAD transform for dimension 1 metric.
17:17:44.663 [main] DEBUG macrobase.analysis.summary.itemset.ExponentiallyDecayingEmergingItemsets - REQUIRED SUPPORT: 34.86404556367189 0.06
17:17:44.663 [main] INFO macrobase.analysis.pipeline.BasicOneShotEWStreamingPipeline - took 35ms (299400.0 tuples/sec)
17:17:44.664 [main] DEBUG macrobase.pipeline.BasicOneShotEWStreamingPipelineTest - outliers: 208.000000
inliers: 10271.000000
load time 62ms
execution time: 35ms
summarization time: 0ms

-----

support: 0.148720
records: 86.416610
ratio: 1.909085

Columns:
	firmware_version: 0.4

-----

support: 0.137810
records: 80.076892
ratio: 2.803300

Columns:
	model: M101

-----

support: 0.093465
records: 54.309552
ratio: 9.627568

Columns:
	firmware_version: 0.4
	model: M101

-----


]]></system-out>
  </testcase>
  <testcase name="testMADAnalyzer" classname="macrobase.pipeline.BasicOneShotEWStreamingPipelineTest" time="0.025">
    <system-out><![CDATA[17:17:44.665 [main] DEBUG macrobase.analysis.pipeline.BasePipeline - Running query MacroBaseQuery
17:17:44.665 [main] DEBUG macrobase.analysis.pipeline.BasePipeline - CONFIG:
macrobase.analysis.metrics.lowTransform: A5
macrobase.analysis.minOIRatio: 1
macrobase.analysis.minSupport: 0.02
macrobase.analysis.randomSeed: 0
macrobase.analysis.streaming.decayRate: 0.01
macrobase.analysis.streaming.decayType: TUPLE_BASED
macrobase.analysis.streaming.inlierItemSummarySize: 1000
macrobase.analysis.streaming.inputReservoirSize: 10
macrobase.analysis.streaming.modelUpdatePeriod: 50
macrobase.analysis.streaming.outlierSummarySize: 1000
macrobase.analysis.streaming.scoreReservoirSize: 10
macrobase.analysis.streaming.summaryUpdatePeriod: 50
macrobase.analysis.streaming.warmupCount: 10
macrobase.analysis.targetPercentile: 0.99
macrobase.analysis.usePercentile: true
macrobase.loader.attributes: A1,A2,A3,A4
macrobase.loader.csv.file: src/test/resources/data/simple.csv
macrobase.loader.loaderType: CSV_LOADER
macrobase.loader.metrics: A5
17:17:44.665 [main] INFO macrobase.ingest.CSVIngester - 100/100 rows successfully parsed (0 malformed rows)
17:17:44.687 [main] INFO macrobase.conf.MacroBaseConf - By default: using MAD transform for dimension 1 metric.
17:17:44.688 [main] DEBUG macrobase.analysis.summary.itemset.ExponentiallyDecayingEmergingItemsets - REQUIRED SUPPORT: 3.344 0.02
17:17:44.688 [main] INFO macrobase.analysis.pipeline.BasicOneShotEWStreamingPipeline - took 1ms (100000.0 tuples/sec)
17:17:44.689 [main] DEBUG macrobase.pipeline.BasicOneShotEWStreamingPipelineTest - outliers: 42.000000
inliers: 58.000000
load time 21ms
execution time: 1ms
summarization time: 0ms

-----

support: 0.035706
records: 5.970000
ratio: 2.330484

Columns:
	A1: 0

-----


]]></system-out>
  </testcase>
</testsuite>