<?xml version="1.0" encoding="UTF-8"?>
<testsuite xmlns:xsi="http://www.w3.org/2001/XMLSchema-instance" xsi:noNamespaceSchemaLocation="https://maven.apache.org/surefire/maven-surefire-plugin/xsd/surefire-test-report-3.0.xsd" version="3.0" name="macrobase.runtime.command.MacroBasePipelineCommandTest" time="0.054" tests="1" errors="0" skipped="0" failures="0">
  <properties>
[...]
</properties>
  <testcase name="testPipelineRuns" classname="macrobase.runtime.command.MacroBasePipelineCommandTest" time="0.054">
    <system-out><![CDATA[17:17:44.693 [main] ERROR macrobase.runtime.command.MacroBasePipelineCommand - {} is not an instance of Pipeline! Exiting...
6/18/23 5:17:44 PM =============================================================

-- Counters --------------------------------------------------------------------
macrobase.analysis.stats.MAD.zeroMADs
             count = 1
macrobase.analysis.stats.MinCovDet.singularCovariances
             count = 4

-- Timers ----------------------------------------------------------------------
macrobase.analysis.stats.MAD.medianComputation
             count = 30
         mean rate = 7.84 calls/second
     1-minute rate = 0.00 calls/second
     5-minute rate = 0.00 calls/second
    15-minute rate = 0.00 calls/second
               min = 0.00 milliseconds
               max = 7.04 milliseconds
              mean = 0.54 milliseconds
            stddev = 1.36 milliseconds
            median = 0.22 milliseconds
              75% <= 0.31 milliseconds
              95% <= 3.55 milliseconds
              98% <= 7.04 milliseconds
              99% <= 7.04 milliseconds
            99.9% <= 7.04 milliseconds
macrobase.analysis.stats.MAD.residualComputation
             count = 30
         mean rate = 7.84 calls/second
     1-minute rate = 0.00 calls/second
     5-minute rate = 0.00 calls/second
    15-minute rate = 0.00 calls/second
               min = 0.00 milliseconds
               max = 0.51 milliseconds
              mean = 0.05 milliseconds
            stddev = 0.11 milliseconds
            median = 0.01 milliseconds
              75% <= 0.04 milliseconds
              95% <= 0.41 milliseconds
              98% <= 0.51 milliseconds
              99% <= 0.51 milliseconds
            99.9% <= 0.51 milliseconds
macrobase.analysis.stats.MAD.residualMedianComputation
             count = 30
         mean rate = 7.84 calls/second
     1-minute rate = 0.00 calls/second
     5-minute rate = 0.00 calls/second
    15-minute rate = 0.00 calls/second
               min = 0.00 milliseconds
               max = 1.58 milliseconds
              mean = 0.17 milliseconds
            stddev = 0.37 milliseconds
            median = 0.06 milliseconds
              75% <= 0.15 milliseconds
              95% <= 1.48 milliseconds
              98% <= 1.58 milliseconds
              99% <= 1.58 milliseconds
            99.9% <= 1.58 milliseconds
macrobase.analysis.stats.MinCovDet.chooseKRandom
             count = 5
         mean rate = 1.33 calls/second
     1-minute rate = 0.00 calls/second
     5-minute rate = 0.00 calls/second
    15-minute rate = 0.00 calls/second
               min = 0.01 milliseconds
               max = 13.82 milliseconds
              mean = 2.71 milliseconds
            stddev = 5.40 milliseconds
            median = 0.01 milliseconds
              75% <= 0.30 milliseconds
              95% <= 13.82 milliseconds
              98% <= 13.82 milliseconds
              99% <= 13.82 milliseconds
            99.9% <= 13.82 milliseconds
macrobase.analysis.stats.MinCovDet.covarianceComputation
             count = 26
         mean rate = 6.92 calls/second
     1-minute rate = 0.00 calls/second
     5-minute rate = 0.00 calls/second
    15-minute rate = 0.00 calls/second
               min = 0.05 milliseconds
               max = 168.65 milliseconds
              mean = 28.48 milliseconds
            stddev = 35.78 milliseconds
            median = 21.21 milliseconds
              75% <= 25.77 milliseconds
              95% <= 116.13 milliseconds
              98% <= 168.65 milliseconds
              99% <= 168.65 milliseconds
            99.9% <= 168.65 milliseconds
macrobase.analysis.stats.MinCovDet.determinantComputation
             count = 26
         mean rate = 6.91 calls/second
     1-minute rate = 0.00 calls/second
     5-minute rate = 0.00 calls/second
    15-minute rate = 0.00 calls/second
               min = 0.00 milliseconds
               max = 2.29 milliseconds
              mean = 0.14 milliseconds
            stddev = 0.47 milliseconds
            median = 0.01 milliseconds
              75% <= 0.02 milliseconds
              95% <= 0.90 milliseconds
              98% <= 2.29 milliseconds
              99% <= 2.29 milliseconds
            99.9% <= 2.29 milliseconds
macrobase.analysis.stats.MinCovDet.findKClosest
             count = 21
         mean rate = 5.58 calls/second
     1-minute rate = 0.00 calls/second
     5-minute rate = 0.00 calls/second
    15-minute rate = 0.00 calls/second
               min = 0.01 milliseconds
               max = 118.58 milliseconds
              mean = 50.47 milliseconds
            stddev = 31.06 milliseconds
            median = 44.74 milliseconds
              75% <= 68.97 milliseconds
              95% <= 98.63 milliseconds
              98% <= 118.58 milliseconds
              99% <= 118.58 milliseconds
            99.9% <= 118.58 milliseconds
macrobase.analysis.stats.MinCovDet.meanComputation
             count = 26
         mean rate = 6.91 calls/second
     1-minute rate = 0.00 calls/second
     5-minute rate = 0.00 calls/second
    15-minute rate = 0.00 calls/second
               min = 0.01 milliseconds
               max = 11.78 milliseconds
              mean = 5.82 milliseconds
            stddev = 4.07 milliseconds
            median = 6.72 milliseconds
              75% <= 9.28 milliseconds
              95% <= 11.19 milliseconds
              98% <= 11.78 milliseconds
              99% <= 11.78 milliseconds
            99.9% <= 11.78 milliseconds
macrobase.analysis.stats.ZScore.meanComputation
             count = 1
         mean rate = 0.82 calls/second
     1-minute rate = 0.00 calls/second
     5-minute rate = 0.00 calls/second
    15-minute rate = 0.00 calls/second
               min = 0.05 milliseconds
               max = 0.05 milliseconds
              mean = 0.05 milliseconds
            stddev = 0.00 milliseconds
            median = 0.05 milliseconds
              75% <= 0.05 milliseconds
              95% <= 0.05 milliseconds
              98% <= 0.05 milliseconds
              99% <= 0.05 milliseconds
            99.9% <= 0.05 milliseconds
macrobase.analysis.stats.ZScore.stddevComputation
             count = 1
         mean rate = 0.82 calls/second
     1-minute rate = 0.00 calls/second
     5-minute rate = 0.00 calls/second
    15-minute rate = 0.00 calls/second
               min = 0.02 milliseconds
               max = 0.02 milliseconds
              mean = 0.02 milliseconds
            stddev = 0.00 milliseconds
            median = 0.02 milliseconds
              75% <= 0.02 milliseconds
              95% <= 0.02 milliseconds
              98% <= 0.02 milliseconds
              99% <= 0.02 milliseconds
            99.9% <= 0.02 milliseconds
macrobase.analysis.summary.itemset.ExponentiallyDecayingEmergingItemsets.inlierDecayTime
             count = 12
         mean rate = 53.61 calls/second
     1-minute rate = 0.00 calls/second
     5-minute rate = 0.00 calls/second
    15-minute rate = 0.00 calls/second
               min = 0.02 milliseconds
               max = 0.05 milliseconds
              mean = 0.03 milliseconds
            stddev = 0.01 milliseconds
            median = 0.02 milliseconds
              75% <= 0.03 milliseconds
              95% <= 0.05 milliseconds
              98% <= 0.05 milliseconds
              99% <= 0.05 milliseconds
            99.9% <= 0.05 milliseconds
macrobase.analysis.summary.itemset.ExponentiallyDecayingEmergingItemsets.outlierDecayTime
             count = 12
         mean rate = 53.46 calls/second
     1-minute rate = 0.00 calls/second
     5-minute rate = 0.00 calls/second
    15-minute rate = 0.00 calls/second
               min = 0.03 milliseconds
               max = 0.17 milliseconds
              mean = 0.07 milliseconds
            stddev = 0.03 milliseconds
            median = 0.06 milliseconds
              75% <= 0.08 milliseconds
              95% <= 0.17 milliseconds
              98% <= 0.17 milliseconds
              99% <= 0.17 milliseconds
            99.9% <= 0.17 milliseconds
macrobase.analysis.summary.itemset.FPGrowth.fpMine
             count = 8
         mean rate = 1.94 calls/second
     1-minute rate = 0.00 calls/second
     5-minute rate = 0.00 calls/second
    15-minute rate = 0.00 calls/second
               min = 0.04 milliseconds
               max = 7.22 milliseconds
              mean = 1.14 milliseconds
            stddev = 2.29 milliseconds
            median = 0.13 milliseconds
              75% <= 0.61 milliseconds
              95% <= 7.22 milliseconds
              98% <= 7.22 milliseconds
              99% <= 7.22 milliseconds
            99.9% <= 7.22 milliseconds
macrobase.analysis.summary.itemset.FPGrowth.insertTransactions
             count = 8
         mean rate = 1.94 calls/second
     1-minute rate = 0.00 calls/second
     5-minute rate = 0.00 calls/second
    15-minute rate = 0.00 calls/second
               min = 0.03 milliseconds
               max = 1.19 milliseconds
              mean = 0.24 milliseconds
            stddev = 0.37 milliseconds
            median = 0.06 milliseconds
              75% <= 0.41 milliseconds
              95% <= 1.19 milliseconds
              98% <= 1.19 milliseconds
              99% <= 1.19 milliseconds
            99.9% <= 1.19 milliseconds
macrobase.analysis.summary.itemset.FPGrowth.itemCounts
             count = 8
         mean rate = 1.94 calls/second
     1-minute rate = 0.00 calls/second
     5-minute rate = 0.00 calls/second
    15-minute rate = 0.00 calls/second
               min = 0.04 milliseconds
               max = 1.22 milliseconds
              mean = 0.21 milliseconds
            stddev = 0.38 milliseconds
            median = 0.08 milliseconds
              75% <= 0.09 milliseconds
              95% <= 1.22 milliseconds
              98% <= 1.22 milliseconds
              99% <= 1.22 milliseconds
            99.9% <= 1.22 milliseconds
macrobase.analysis.summary.itemset.FPGrowthEmerging.inlierRatio
             count = 3
         mean rate = 5.29 calls/second
     1-minute rate = 0.00 calls/second
     5-minute rate = 0.00 calls/second
    15-minute rate = 0.00 calls/second
               min = 0.28 milliseconds
               max = 7.67 milliseconds
              mean = 3.23 milliseconds
            stddev = 3.19 milliseconds
            median = 1.75 milliseconds
              75% <= 7.67 milliseconds
              95% <= 7.67 milliseconds
              98% <= 7.67 milliseconds
              99% <= 7.67 milliseconds
            99.9% <= 7.67 milliseconds
macrobase.analysis.summary.itemset.FPGrowthEmerging.outlierFPGrowth
             count = 3
         mean rate = 5.28 calls/second
     1-minute rate = 0.00 calls/second
     5-minute rate = 0.00 calls/second
    15-minute rate = 0.00 calls/second
               min = 0.37 milliseconds
               max = 0.92 milliseconds
              mean = 0.59 milliseconds
            stddev = 0.24 milliseconds
            median = 0.47 milliseconds
              75% <= 0.92 milliseconds
              95% <= 0.92 milliseconds
              98% <= 0.92 milliseconds
              99% <= 0.92 milliseconds
            99.9% <= 0.92 milliseconds
macrobase.analysis.summary.itemset.FPGrowthEmerging.singleItemCounts
             count = 3
         mean rate = 5.28 calls/second
     1-minute rate = 0.00 calls/second
     5-minute rate = 0.00 calls/second
    15-minute rate = 0.00 calls/second
               min = 0.17 milliseconds
               max = 9.79 milliseconds
              mean = 3.38 milliseconds
            stddev = 4.53 milliseconds
            median = 0.18 milliseconds
              75% <= 9.79 milliseconds
              95% <= 9.79 milliseconds
              98% <= 9.79 milliseconds
              99% <= 9.79 milliseconds
            99.9% <= 9.79 milliseconds
macrobase.analysis.summary.itemset.StreamingFPGrowth.fpMine
             count = 5
         mean rate = 1.15 calls/second
     1-minute rate = 0.00 calls/second
     5-minute rate = 0.00 calls/second
    15-minute rate = 0.00 calls/second
               min = 0.04 milliseconds
               max = 27.04 milliseconds
              mean = 7.23 milliseconds
            stddev = 10.45 milliseconds
            median = 0.08 milliseconds
              75% <= 10.29 milliseconds
              95% <= 27.04 milliseconds
              98% <= 27.04 milliseconds
              99% <= 27.04 milliseconds
            99.9% <= 27.04 milliseconds
macrobase.analysis.summary.itemset.StreamingFPGrowth.insertFrequentItems
             count = 2
         mean rate = 0.46 calls/second
     1-minute rate = 0.00 calls/second
     5-minute rate = 0.00 calls/second
    15-minute rate = 0.00 calls/second
               min = 0.16 milliseconds
               max = 7.72 milliseconds
              mean = 3.94 milliseconds
            stddev = 3.78 milliseconds
            median = 7.72 milliseconds
              75% <= 7.72 milliseconds
              95% <= 7.72 milliseconds
              98% <= 7.72 milliseconds
              99% <= 7.72 milliseconds
            99.9% <= 7.72 milliseconds
macrobase.analysis.summary.itemset.StreamingFPGrowth.restructureTree
             count = 83
         mean rate = 19.06 calls/second
     1-minute rate = 0.00 calls/second
     5-minute rate = 0.00 calls/second
    15-minute rate = 0.00 calls/second
               min = 0.01 milliseconds
               max = 7.20 milliseconds
              mean = 0.81 milliseconds
            stddev = 1.09 milliseconds
            median = 0.60 milliseconds
              75% <= 1.03 milliseconds
              95% <= 2.89 milliseconds
              98% <= 4.00 milliseconds
              99% <= 7.20 milliseconds
            99.9% <= 7.20 milliseconds
macrobase.analysis.summary.itemset.StreamingFPGrowth.updateFrequentItemOrder
             count = 235
         mean rate = 53.95 calls/second
     1-minute rate = 0.00 calls/second
     5-minute rate = 0.00 calls/second
    15-minute rate = 0.00 calls/second
               min = 0.00 milliseconds
               max = 0.61 milliseconds
              mean = 0.04 milliseconds
            stddev = 0.07 milliseconds
            median = 0.01 milliseconds
              75% <= 0.05 milliseconds
              95% <= 0.13 milliseconds
              98% <= 0.17 milliseconds
              99% <= 0.44 milliseconds
            99.9% <= 0.61 milliseconds


17:17:44.723 [main] INFO macrobase.runtime.command.MacroBasePipelineCommand - Result: []
6/18/23 5:17:44 PM =============================================================

-- Counters --------------------------------------------------------------------
macrobase.analysis.stats.MAD.zeroMADs
             count = 1
macrobase.analysis.stats.MinCovDet.singularCovariances
             count = 4

-- Timers ----------------------------------------------------------------------
macrobase.analysis.stats.MAD.medianComputation
             count = 30
         mean rate = 7.80 calls/second
     1-minute rate = 0.00 calls/second
     5-minute rate = 0.00 calls/second
    15-minute rate = 0.00 calls/second
               min = 0.00 milliseconds
               max = 7.04 milliseconds
              mean = 0.54 milliseconds
            stddev = 1.36 milliseconds
            median = 0.22 milliseconds
              75% <= 0.31 milliseconds
              95% <= 3.55 milliseconds
              98% <= 7.04 milliseconds
              99% <= 7.04 milliseconds
            99.9% <= 7.04 milliseconds
macrobase.analysis.stats.MAD.residualComputation
             count = 30
         mean rate = 7.80 calls/second
     1-minute rate = 0.00 calls/second
     5-minute rate = 0.00 calls/second
    15-minute rate = 0.00 calls/second
               min = 0.00 milliseconds
               max = 0.51 milliseconds
              mean = 0.05 milliseconds
            stddev = 0.11 milliseconds
            median = 0.01 milliseconds
              75% <= 0.04 milliseconds
              95% <= 0.41 milliseconds
              98% <= 0.51 milliseconds
              99% <= 0.51 milliseconds
            99.9% <= 0.51 milliseconds
macrobase.analysis.stats.MAD.residualMedianComputation
             count = 30
         mean rate = 7.80 calls/second
     1-minute rate = 0.00 calls/second
     5-minute rate = 0.00 calls/second
    15-minute rate = 0.00 calls/second
               min = 0.00 milliseconds
               max = 1.58 milliseconds
              mean = 0.17 milliseconds
            stddev = 0.37 milliseconds
            median = 0.06 milliseconds
              75% <= 0.15 milliseconds
              95% <= 1.48 milliseconds
              98% <= 1.58 milliseconds
              99% <= 1.58 milliseconds
            99.9% <= 1.58 milliseconds
macrobase.analysis.stats.MinCovDet.chooseKRandom
             count = 5
         mean rate = 1.32 calls/second
     1-minute rate = 0.00 calls/second
     5-minute rate = 0.00 calls/second
    15-minute rate = 0.00 calls/second
               min = 0.01 milliseconds
               max = 13.82 milliseconds
              mean = 2.71 milliseconds
            stddev = 5.40 milliseconds
            median = 0.01 milliseconds
              75% <= 0.30 milliseconds
              95% <= 13.82 milliseconds
              98% <= 13.82 milliseconds
              99% <= 13.82 milliseconds
            99.9% <= 13.82 milliseconds
macrobase.analysis.stats.MinCovDet.covarianceComputation
             count = 26
         mean rate = 6.88 calls/second
     1-minute rate = 0.00 calls/second
     5-minute rate = 0.00 calls/second
    15-minute rate = 0.00 calls/second
               min = 0.05 milliseconds
               max = 168.65 milliseconds
              mean = 28.48 milliseconds
            stddev = 35.78 milliseconds
            median = 21.21 milliseconds
              75% <= 25.77 milliseconds
              95% <= 116.13 milliseconds
              98% <= 168.65 milliseconds
              99% <= 168.65 milliseconds
            99.9% <= 168.65 milliseconds
macrobase.analysis.stats.MinCovDet.determinantComputation
             count = 26
         mean rate = 6.88 calls/second
     1-minute rate = 0.00 calls/second
     5-minute rate = 0.00 calls/second
    15-minute rate = 0.00 calls/second
               min = 0.00 milliseconds
               max = 2.29 milliseconds
              mean = 0.14 milliseconds
            stddev = 0.47 milliseconds
            median = 0.01 milliseconds
              75% <= 0.02 milliseconds
              95% <= 0.90 milliseconds
              98% <= 2.29 milliseconds
              99% <= 2.29 milliseconds
            99.9% <= 2.29 milliseconds
macrobase.analysis.stats.MinCovDet.findKClosest
             count = 21
         mean rate = 5.56 calls/second
     1-minute rate = 0.00 calls/second
     5-minute rate = 0.00 calls/second
    15-minute rate = 0.00 calls/second
               min = 0.01 milliseconds
               max = 118.58 milliseconds
              mean = 50.47 milliseconds
            stddev = 31.06 milliseconds
            median = 44.74 milliseconds
              75% <= 68.97 milliseconds
              95% <= 98.63 milliseconds
              98% <= 118.58 milliseconds
              99% <= 118.58 milliseconds
            99.9% <= 118.58 milliseconds
macrobase.analysis.stats.MinCovDet.meanComputation
             count = 26
         mean rate = 6.88 calls/second
     1-minute rate = 0.00 calls/second
     5-minute rate = 0.00 calls/second
    15-minute rate = 0.00 calls/second
               min = 0.01 milliseconds
               max = 11.78 milliseconds
              mean = 5.82 milliseconds
            stddev = 4.07 milliseconds
            median = 6.72 milliseconds
              75% <= 9.28 milliseconds
              95% <= 11.19 milliseconds
              98% <= 11.78 milliseconds
              99% <= 11.78 milliseconds
            99.9% <= 11.78 milliseconds
macrobase.analysis.stats.ZScore.meanComputation
             count = 1
         mean rate = 0.81 calls/second
     1-minute rate = 0.00 calls/second
     5-minute rate = 0.00 calls/second
    15-minute rate = 0.00 calls/second
               min = 0.05 milliseconds
               max = 0.05 milliseconds
              mean = 0.05 milliseconds
            stddev = 0.00 milliseconds
            median = 0.05 milliseconds
              75% <= 0.05 milliseconds
              95% <= 0.05 milliseconds
              98% <= 0.05 milliseconds
              99% <= 0.05 milliseconds
            99.9% <= 0.05 milliseconds
macrobase.analysis.stats.ZScore.stddevComputation
             count = 1
         mean rate = 0.81 calls/second
     1-minute rate = 0.00 calls/second
     5-minute rate = 0.00 calls/second
    15-minute rate = 0.00 calls/second
               min = 0.02 milliseconds
               max = 0.02 milliseconds
              mean = 0.02 milliseconds
            stddev = 0.00 milliseconds
            median = 0.02 milliseconds
              75% <= 0.02 milliseconds
              95% <= 0.02 milliseconds
              98% <= 0.02 milliseconds
              99% <= 0.02 milliseconds
            99.9% <= 0.02 milliseconds
macrobase.analysis.summary.itemset.ExponentiallyDecayingEmergingItemsets.inlierDecayTime
             count = 12
         mean rate = 50.57 calls/second
     1-minute rate = 0.00 calls/second
     5-minute rate = 0.00 calls/second
    15-minute rate = 0.00 calls/second
               min = 0.02 milliseconds
               max = 0.05 milliseconds
              mean = 0.03 milliseconds
            stddev = 0.01 milliseconds
            median = 0.02 milliseconds
              75% <= 0.03 milliseconds
              95% <= 0.05 milliseconds
              98% <= 0.05 milliseconds
              99% <= 0.05 milliseconds
            99.9% <= 0.05 milliseconds
macrobase.analysis.summary.itemset.ExponentiallyDecayingEmergingItemsets.outlierDecayTime
             count = 12
         mean rate = 50.47 calls/second
     1-minute rate = 0.00 calls/second
     5-minute rate = 0.00 calls/second
    15-minute rate = 0.00 calls/second
               min = 0.03 milliseconds
               max = 0.17 milliseconds
              mean = 0.07 milliseconds
            stddev = 0.03 milliseconds
            median = 0.06 milliseconds
              75% <= 0.08 milliseconds
              95% <= 0.17 milliseconds
              98% <= 0.17 milliseconds
              99% <= 0.17 milliseconds
            99.9% <= 0.17 milliseconds
macrobase.analysis.summary.itemset.FPGrowth.fpMine
             count = 8
         mean rate = 1.94 calls/second
     1-minute rate = 0.00 calls/second
     5-minute rate = 0.00 calls/second
    15-minute rate = 0.00 calls/second
               min = 0.04 milliseconds
               max = 7.22 milliseconds
              mean = 1.14 milliseconds
            stddev = 2.29 milliseconds
            median = 0.13 milliseconds
              75% <= 0.61 milliseconds
              95% <= 7.22 milliseconds
              98% <= 7.22 milliseconds
              99% <= 7.22 milliseconds
            99.9% <= 7.22 milliseconds
macrobase.analysis.summary.itemset.FPGrowth.insertTransactions
             count = 8
         mean rate = 1.94 calls/second
     1-minute rate = 0.00 calls/second
     5-minute rate = 0.00 calls/second
    15-minute rate = 0.00 calls/second
               min = 0.03 milliseconds
               max = 1.19 milliseconds
              mean = 0.24 milliseconds
            stddev = 0.37 milliseconds
            median = 0.06 milliseconds
              75% <= 0.41 milliseconds
              95% <= 1.19 milliseconds
              98% <= 1.19 milliseconds
              99% <= 1.19 milliseconds
            99.9% <= 1.19 milliseconds
macrobase.analysis.summary.itemset.FPGrowth.itemCounts
             count = 8
         mean rate = 1.94 calls/second
     1-minute rate = 0.00 calls/second
     5-minute rate = 0.00 calls/second
    15-minute rate = 0.00 calls/second
               min = 0.04 milliseconds
               max = 1.22 milliseconds
              mean = 0.21 milliseconds
            stddev = 0.38 milliseconds
            median = 0.08 milliseconds
              75% <= 0.09 milliseconds
              95% <= 1.22 milliseconds
              98% <= 1.22 milliseconds
              99% <= 1.22 milliseconds
            99.9% <= 1.22 milliseconds
macrobase.analysis.summary.itemset.FPGrowthEmerging.inlierRatio
             count = 3
         mean rate = 5.18 calls/second
     1-minute rate = 0.00 calls/second
     5-minute rate = 0.00 calls/second
    15-minute rate = 0.00 calls/second
               min = 0.28 milliseconds
               max = 7.67 milliseconds
              mean = 3.23 milliseconds
            stddev = 3.19 milliseconds
            median = 1.75 milliseconds
              75% <= 7.67 milliseconds
              95% <= 7.67 milliseconds
              98% <= 7.67 milliseconds
              99% <= 7.67 milliseconds
            99.9% <= 7.67 milliseconds
macrobase.analysis.summary.itemset.FPGrowthEmerging.outlierFPGrowth
             count = 3
         mean rate = 5.18 calls/second
     1-minute rate = 0.00 calls/second
     5-minute rate = 0.00 calls/second
    15-minute rate = 0.00 calls/second
               min = 0.37 milliseconds
               max = 0.92 milliseconds
              mean = 0.59 milliseconds
            stddev = 0.24 milliseconds
            median = 0.47 milliseconds
              75% <= 0.92 milliseconds
              95% <= 0.92 milliseconds
              98% <= 0.92 milliseconds
              99% <= 0.92 milliseconds
            99.9% <= 0.92 milliseconds
macrobase.analysis.summary.itemset.FPGrowthEmerging.singleItemCounts
             count = 3
         mean rate = 5.18 calls/second
     1-minute rate = 0.00 calls/second
     5-minute rate = 0.00 calls/second
    15-minute rate = 0.00 calls/second
               min = 0.17 milliseconds
               max = 9.79 milliseconds
              mean = 3.38 milliseconds
            stddev = 4.53 milliseconds
            median = 0.18 milliseconds
              75% <= 9.79 milliseconds
              95% <= 9.79 milliseconds
              98% <= 9.79 milliseconds
              99% <= 9.79 milliseconds
            99.9% <= 9.79 milliseconds
macrobase.analysis.summary.itemset.StreamingFPGrowth.fpMine
             count = 5
         mean rate = 1.15 calls/second
     1-minute rate = 0.00 calls/second
     5-minute rate = 0.00 calls/second
    15-minute rate = 0.00 calls/second
               min = 0.04 milliseconds
               max = 27.04 milliseconds
              mean = 7.23 milliseconds
            stddev = 10.45 milliseconds
            median = 0.08 milliseconds
              75% <= 10.29 milliseconds
              95% <= 27.04 milliseconds
              98% <= 27.04 milliseconds
              99% <= 27.04 milliseconds
            99.9% <= 27.04 milliseconds
macrobase.analysis.summary.itemset.StreamingFPGrowth.insertFrequentItems
             count = 2
         mean rate = 0.46 calls/second
     1-minute rate = 0.00 calls/second
     5-minute rate = 0.00 calls/second
    15-minute rate = 0.00 calls/second
               min = 0.16 milliseconds
               max = 7.72 milliseconds
              mean = 3.94 milliseconds
            stddev = 3.78 milliseconds
            median = 7.72 milliseconds
              75% <= 7.72 milliseconds
              95% <= 7.72 milliseconds
              98% <= 7.72 milliseconds
              99% <= 7.72 milliseconds
            99.9% <= 7.72 milliseconds
macrobase.analysis.summary.itemset.StreamingFPGrowth.restructureTree
             count = 83
         mean rate = 19.01 calls/second
     1-minute rate = 0.00 calls/second
     5-minute rate = 0.00 calls/second
    15-minute rate = 0.00 calls/second
               min = 0.01 milliseconds
               max = 7.20 milliseconds
              mean = 0.81 milliseconds
            stddev = 1.09 milliseconds
            median = 0.60 milliseconds
              75% <= 1.03 milliseconds
              95% <= 2.89 milliseconds
              98% <= 4.00 milliseconds
              99% <= 7.20 milliseconds
            99.9% <= 7.20 milliseconds
macrobase.analysis.summary.itemset.StreamingFPGrowth.updateFrequentItemOrder
             count = 235
         mean rate = 53.81 calls/second
     1-minute rate = 0.00 calls/second
     5-minute rate = 0.00 calls/second
    15-minute rate = 0.00 calls/second
               min = 0.00 milliseconds
               max = 0.61 milliseconds
              mean = 0.04 milliseconds
            stddev = 0.07 milliseconds
            median = 0.01 milliseconds
              75% <= 0.05 milliseconds
              95% <= 0.13 milliseconds
              98% <= 0.17 milliseconds
              99% <= 0.44 milliseconds
            99.9% <= 0.61 milliseconds


17:17:44.734 [main] INFO macrobase.runtime.command.MacroBasePipelineCommand - Result: []
]]></system-out>
  </testcase>
</testsuite>