<?xml version="1.0" encoding="UTF-8"?>
<testsuite xmlns:xsi="http://www.w3.org/2001/XMLSchema-instance" xsi:noNamespaceSchemaLocation="https://maven.apache.org/surefire/maven-surefire-plugin/xsd/surefire-test-report-3.0.xsd" version="3.0" name="macrobase.analysis.summary.count.SpaceSavingTest" time="0.023" tests="3" errors="0" skipped="0" failures="0">
  <properties>
[...]
</properties>
  <testcase name="simpleTest" classname="macrobase.analysis.summary.count.SpaceSavingTest" time="0.001"/>
  <testcase name="overflowTest" classname="macrobase.analysis.summary.count.SpaceSavingTest" time="0"/>
  <testcase name="decayTest" classname="macrobase.analysis.summary.count.SpaceSavingTest" time="0.019">
    <system-out><![CDATA[17:17:40.709 [main] DEBUG macrobase.analysis.summary.count.SpaceSavingList - ****
17:17:40.709 [main] DEBUG macrobase.analysis.summary.count.SpaceSavingList - at group macrobase.analysis.summary.count.SpaceSavingList$CounterGroup@5b6606fd
17:17:40.709 [main] DEBUG macrobase.analysis.summary.count.SpaceSavingList - differential is 0.952949624185339, so far is 0.952949624185339
17:17:40.710 [main] DEBUG macrobase.analysis.summary.count.SpaceSavingList - 	 counter: 12
17:17:40.710 [main] DEBUG macrobase.analysis.summary.count.SpaceSavingList - 
17:17:40.710 [main] DEBUG macrobase.analysis.summary.count.SpaceSavingList - at group macrobase.analysis.summary.count.SpaceSavingList$CounterGroup@3e5a40e7
17:17:40.710 [main] DEBUG macrobase.analysis.summary.count.SpaceSavingList - differential is 0.04336833875788543, so far is 0.9963179629432244
17:17:40.710 [main] DEBUG macrobase.analysis.summary.count.SpaceSavingList - 	 counter: 16
17:17:40.710 [main] DEBUG macrobase.analysis.summary.count.SpaceSavingList - 
17:17:40.710 [main] DEBUG macrobase.analysis.summary.count.SpaceSavingList - at group macrobase.analysis.summary.count.SpaceSavingList$CounterGroup@380567a7
17:17:40.710 [main] DEBUG macrobase.analysis.summary.count.SpaceSavingList - differential is 0.009546730176927698, so far is 1.005864693120152
17:17:40.710 [main] DEBUG macrobase.analysis.summary.count.SpaceSavingList - 	 counter: 11
17:17:40.710 [main] DEBUG macrobase.analysis.summary.count.SpaceSavingList - 
17:17:40.710 [main] DEBUG macrobase.analysis.summary.count.SpaceSavingList - at group macrobase.analysis.summary.count.SpaceSavingList$CounterGroup@3c9788c
17:17:40.710 [main] DEBUG macrobase.analysis.summary.count.SpaceSavingList - differential is 0.0036820370567755556, so far is 1.0095467301769276
17:17:40.710 [main] DEBUG macrobase.analysis.summary.count.SpaceSavingList - 	 counter: 6
17:17:40.710 [main] DEBUG macrobase.analysis.summary.count.SpaceSavingList - 
17:17:40.710 [main] DEBUG macrobase.analysis.summary.count.SpaceSavingList - at group macrobase.analysis.summary.count.SpaceSavingList$CounterGroup@6873c7e6
17:17:40.710 [main] DEBUG macrobase.analysis.summary.count.SpaceSavingList - differential is 0.0036820370567755556, so far is 1.0132287672337033
17:17:40.711 [main] DEBUG macrobase.analysis.summary.count.SpaceSavingList - 	 counter: 2
17:17:40.711 [main] DEBUG macrobase.analysis.summary.count.SpaceSavingList - 
17:17:40.711 [main] DEBUG macrobase.analysis.summary.count.SpaceSavingList - at group macrobase.analysis.summary.count.SpaceSavingList$CounterGroup@4c2ff77
17:17:40.711 [main] DEBUG macrobase.analysis.summary.count.SpaceSavingList - differential is 0.016910804290478754, so far is 1.030139571524182
17:17:40.711 [main] DEBUG macrobase.analysis.summary.count.SpaceSavingList - 	 counter: 3
17:17:40.711 [main] DEBUG macrobase.analysis.summary.count.SpaceSavingList - 
17:17:40.711 [main] DEBUG macrobase.analysis.summary.count.SpaceSavingList - at group macrobase.analysis.summary.count.SpaceSavingList$CounterGroup@17e99817
17:17:40.711 [main] DEBUG macrobase.analysis.summary.count.SpaceSavingList - differential is 0.14001452618165328, so far is 1.1701540977058351
17:17:40.711 [main] DEBUG macrobase.analysis.summary.count.SpaceSavingList - 	 counter: 1
17:17:40.711 [main] DEBUG macrobase.analysis.summary.count.SpaceSavingList - 
17:17:40.711 [main] DEBUG macrobase.analysis.summary.count.SpaceSavingList - at group macrobase.analysis.summary.count.SpaceSavingList$CounterGroup@5fac8f7e
17:17:40.711 [main] DEBUG macrobase.analysis.summary.count.SpaceSavingList - differential is 0.632706837688998, so far is 1.802860935394833
17:17:40.711 [main] DEBUG macrobase.analysis.summary.count.SpaceSavingList - 	 counter: 15
17:17:40.711 [main] DEBUG macrobase.analysis.summary.count.SpaceSavingList - 
17:17:40.711 [main] DEBUG macrobase.analysis.summary.count.SpaceSavingList - at group macrobase.analysis.summary.count.SpaceSavingList$CounterGroup@29963f9a
17:17:40.711 [main] DEBUG macrobase.analysis.summary.count.SpaceSavingList - differential is 0.032614651950892526, so far is 1.8354755873457256
17:17:40.712 [main] DEBUG macrobase.analysis.summary.count.SpaceSavingList - 	 counter: 8
17:17:40.712 [main] DEBUG macrobase.analysis.summary.count.SpaceSavingList - 
17:17:40.712 [main] DEBUG macrobase.analysis.summary.count.SpaceSavingList - at group macrobase.analysis.summary.count.SpaceSavingList$CounterGroup@3abc4498
17:17:40.712 [main] DEBUG macrobase.analysis.summary.count.SpaceSavingList - differential is 0.14989875370452532, so far is 1.985374341050251
17:17:40.712 [main] DEBUG macrobase.analysis.summary.count.SpaceSavingList - 	 counter: 19
17:17:40.712 [main] DEBUG macrobase.analysis.summary.count.SpaceSavingList - 
17:17:40.712 [main] DEBUG macrobase.analysis.summary.count.SpaceSavingList - at group macrobase.analysis.summary.count.SpaceSavingList$CounterGroup@61ce4af8
17:17:40.712 [main] DEBUG macrobase.analysis.summary.count.SpaceSavingList - differential is 0.058216340627236574, so far is 2.0435906816774874
17:17:40.712 [main] DEBUG macrobase.analysis.summary.count.SpaceSavingList - 	 counter: 0
17:17:40.712 [main] DEBUG macrobase.analysis.summary.count.SpaceSavingList - 
17:17:40.712 [main] DEBUG macrobase.analysis.summary.count.SpaceSavingList - ****
]]></system-out>
  </testcase>
</testsuite>